<?xml version="1.0" encoding="UTF-8"?>
<coverage generated="1581870480874" clover="3.2.0">
  <project timestamp="1581870480874" name="All files">
    <metrics statements="13" coveredstatements="13" conditionals="9" coveredconditionals="9" methods="4" coveredmethods="4" elements="26" coveredelements="26" complexity="0" loc="13" ncloc="13" packages="1" files="1" classes="1"/>
    <file name="parseString.ts" path="/Users/michaelwalker/WebstormProjects/sudoku/src/parseString.ts">
      <metrics statements="13" coveredstatements="13" conditionals="9" coveredconditionals="9" methods="4" coveredmethods="4"/>
      <line num="4" count="85" type="cond" truecount="2" falsecount="0"/>
      <line num="5" count="1" type="stmt"/>
      <line num="6" count="84" type="cond" truecount="2" falsecount="0"/>
      <line num="7" count="82" type="stmt"/>
      <line num="9" count="2" type="stmt"/>
      <line num="14" count="1" type="stmt"/>
      <line num="15" count="1" type="stmt"/>
      <line num="16" count="81" type="stmt"/>
      <line num="17" count="81" type="cond" truecount="3" falsecount="0"/>
      <line num="22" count="3" type="cond" truecount="2" falsecount="0"/>
      <line num="23" count="1" type="stmt"/>
      <line num="24" count="1" type="stmt"/>
      <line num="25" count="1" type="stmt"/>
    </file>
  </project>
</coverage>
