{"/Users/michaelwalker/WebstormProjects/sudoku/src/parseString.ts": {"path":"/Users/michaelwalker/WebstormProjects/sudoku/src/parseString.ts","statementMap":{"0":{"start":{"line":4,"column":4},"end":{"line":10,"column":5}},"1":{"start":{"line":5,"column":8},"end":{"line":5,"column":18}},"2":{"start":{"line":6,"column":10},"end":{"line":10,"column":5}},"3":{"start":{"line":7,"column":8},"end":{"line":7,"column":27}},"4":{"start":{"line":9,"column":8},"end":{"line":9,"column":86}},"5":{"start":{"line":14,"column":19},"end":{"line":14,"column":20}},"6":{"start":{"line":15,"column":2},"end":{"line":18,"column":5}},"7":{"start":{"line":16,"column":8},"end":{"line":16,"column":42}},"8":{"start":{"line":17,"column":8},"end":{"line":17,"column":51}},"9":{"start":{"line":22,"column":4},"end":{"line":22,"column":111}},"10":{"start":{"line":22,"column":32},"end":{"line":22,"column":111}},"11":{"start":{"line":23,"column":17},"end":{"line":23,"column":50}},"12":{"start":{"line":24,"column":4},"end":{"line":24,"column":59}},"13":{"start":{"line":25,"column":4},"end":{"line":25,"column":18}}},"fnMap":{"0":{"name":"cellHash","decl":{"start":{"line":3,"column":16},"end":{"line":3,"column":24}},"loc":{"start":{"line":3,"column":45},"end":{"line":11,"column":1}},"line":3},"1":{"name":"cellMap","decl":{"start":{"line":13,"column":16},"end":{"line":13,"column":23}},"loc":{"start":{"line":13,"column":39},"end":{"line":19,"column":1}},"line":13},"2":{"name":"(anonymous_2)","decl":{"start":{"line":15,"column":9},"end":{"line":15,"column":10}},"loc":{"start":{"line":15,"column":51},"end":{"line":18,"column":5}},"line":15},"3":{"name":"parseString","decl":{"start":{"line":21,"column":24},"end":{"line":21,"column":35}},"loc":{"start":{"line":21,"column":56},"end":{"line":26,"column":1}},"line":21}},"branchMap":{"0":{"loc":{"start":{"line":4,"column":4},"end":{"line":10,"column":5}},"type":"if","locations":[{"start":{"line":4,"column":4},"end":{"line":10,"column":5}},{"start":{"line":4,"column":4},"end":{"line":10,"column":5}}],"line":4},"1":{"loc":{"start":{"line":6,"column":10},"end":{"line":10,"column":5}},"type":"if","locations":[{"start":{"line":6,"column":10},"end":{"line":10,"column":5}},{"start":{"line":6,"column":10},"end":{"line":10,"column":5}}],"line":6},"2":{"loc":{"start":{"line":17,"column":8},"end":{"line":17,"column":50}},"type":"binary-expr","locations":[{"start":{"line":17,"column":8},"end":{"line":17,"column":23}},{"start":{"line":17,"column":27},"end":{"line":17,"column":36}},{"start":{"line":17,"column":40},"end":{"line":17,"column":50}}],"line":17},"3":{"loc":{"start":{"line":22,"column":4},"end":{"line":22,"column":111}},"type":"if","locations":[{"start":{"line":22,"column":4},"end":{"line":22,"column":111}},{"start":{"line":22,"column":4},"end":{"line":22,"column":111}}],"line":22}},"s":{"0":85,"1":1,"2":84,"3":82,"4":2,"5":1,"6":1,"7":81,"8":81,"9":3,"10":2,"11":1,"12":1,"13":1},"f":{"0":85,"1":1,"2":81,"3":3},"b":{"0":[1,84],"1":[82,2],"2":[81,9,7],"3":[2,1]},"_coverageSchema":"1a1c01bbd47fc00a2c39e90264f33305004495a9","hash":"104a9976f66ea2af5591a4dbe09e959c542f8ab9"}
}
