{"/Users/michaelwalker/WebstormProjects/sudoku/src/filterPossible.ts": {"path":"/Users/michaelwalker/WebstormProjects/sudoku/src/filterPossible.ts","statementMap":{"0":{"start":{"line":5,"column":18},"end":{"line":5,"column":23}},"1":{"start":{"line":6,"column":19},"end":{"line":6,"column":50}},"2":{"start":{"line":7,"column":15},"end":{"line":7,"column":42}},"3":{"start":{"line":8,"column":40},"end":{"line":8,"column":44}},"4":{"start":{"line":10,"column":4},"end":{"line":14,"column":7}},"5":{"start":{"line":11,"column":8},"end":{"line":13,"column":9}},"6":{"start":{"line":12,"column":12},"end":{"line":12,"column":58}},"7":{"start":{"line":12,"column":45},"end":{"line":12,"column":56}},"8":{"start":{"line":16,"column":4},"end":{"line":20,"column":7}},"9":{"start":{"line":17,"column":8},"end":{"line":19,"column":9}},"10":{"start":{"line":18,"column":12},"end":{"line":18,"column":60}},"11":{"start":{"line":18,"column":45},"end":{"line":18,"column":58}},"12":{"start":{"line":22,"column":4},"end":{"line":28,"column":5}},"13":{"start":{"line":22,"column":16},"end":{"line":22,"column":22}},"14":{"start":{"line":23,"column":8},"end":{"line":27,"column":9}},"15":{"start":{"line":23,"column":20},"end":{"line":23,"column":26}},"16":{"start":{"line":24,"column":12},"end":{"line":26,"column":13}},"17":{"start":{"line":25,"column":16},"end":{"line":25,"column":70}},"18":{"start":{"line":25,"column":49},"end":{"line":25,"column":68}},"19":{"start":{"line":29,"column":4},"end":{"line":29,"column":32}}},"fnMap":{"0":{"name":"filterPossible","decl":{"start":{"line":4,"column":16},"end":{"line":4,"column":30}},"loc":{"start":{"line":4,"column":84},"end":{"line":30,"column":1}},"line":4},"1":{"name":"(anonymous_1)","decl":{"start":{"line":10,"column":22},"end":{"line":10,"column":23}},"loc":{"start":{"line":10,"column":46},"end":{"line":14,"column":5}},"line":10},"2":{"name":"(anonymous_2)","decl":{"start":{"line":12,"column":39},"end":{"line":12,"column":40}},"loc":{"start":{"line":12,"column":45},"end":{"line":12,"column":56}},"line":12},"3":{"name":"(anonymous_3)","decl":{"start":{"line":16,"column":19},"end":{"line":16,"column":20}},"loc":{"start":{"line":16,"column":24},"end":{"line":20,"column":5}},"line":16},"4":{"name":"(anonymous_4)","decl":{"start":{"line":18,"column":39},"end":{"line":18,"column":40}},"loc":{"start":{"line":18,"column":45},"end":{"line":18,"column":58}},"line":18},"5":{"name":"(anonymous_5)","decl":{"start":{"line":25,"column":43},"end":{"line":25,"column":44}},"loc":{"start":{"line":25,"column":49},"end":{"line":25,"column":68}},"line":25}},"branchMap":{"0":{"loc":{"start":{"line":11,"column":8},"end":{"line":13,"column":9}},"type":"if","locations":[{"start":{"line":11,"column":8},"end":{"line":13,"column":9}},{"start":{"line":11,"column":8},"end":{"line":13,"column":9}}],"line":11},"1":{"loc":{"start":{"line":17,"column":8},"end":{"line":19,"column":9}},"type":"if","locations":[{"start":{"line":17,"column":8},"end":{"line":19,"column":9}},{"start":{"line":17,"column":8},"end":{"line":19,"column":9}}],"line":17},"2":{"loc":{"start":{"line":24,"column":12},"end":{"line":26,"column":13}},"type":"if","locations":[{"start":{"line":24,"column":12},"end":{"line":26,"column":13}},{"start":{"line":24,"column":12},"end":{"line":26,"column":13}}],"line":24}},"s":{"0":535,"1":535,"2":535,"3":535,"4":535,"5":4815,"6":2519,"7":17501,"8":535,"9":4815,"10":1040,"11":4225,"12":535,"13":535,"14":1605,"15":1605,"16":4815,"17":153,"18":468,"19":535},"f":{"0":535,"1":4815,"2":17501,"3":4815,"4":4225,"5":468},"b":{"0":[2519,2296],"1":[1040,3775],"2":[153,4662]},"_coverageSchema":"1a1c01bbd47fc00a2c39e90264f33305004495a9","hash":"63035d4d56f9b6b39038b3eabadd279196ffa8ad"}
,"/Users/michaelwalker/WebstormProjects/sudoku/src/findNextEmpty.ts": {"path":"/Users/michaelwalker/WebstormProjects/sudoku/src/findNextEmpty.ts","statementMap":{"0":{"start":{"line":2,"column":4},"end":{"line":9,"column":5}},"1":{"start":{"line":2,"column":17},"end":{"line":2,"column":18}},"2":{"start":{"line":3,"column":8},"end":{"line":8,"column":9}},"3":{"start":{"line":3,"column":21},"end":{"line":3,"column":22}},"4":{"start":{"line":4,"column":23},"end":{"line":4,"column":55}},"5":{"start":{"line":5,"column":12},"end":{"line":7,"column":13}},"6":{"start":{"line":6,"column":16},"end":{"line":6,"column":48}},"7":{"start":{"line":10,"column":4},"end":{"line":10,"column":21}}},"fnMap":{"0":{"name":"findNextEmpty","decl":{"start":{"line":1,"column":24},"end":{"line":1,"column":37}},"loc":{"start":{"line":1,"column":68},"end":{"line":11,"column":1}},"line":1}},"branchMap":{"0":{"loc":{"start":{"line":5,"column":12},"end":{"line":7,"column":13}},"type":"if","locations":[{"start":{"line":5,"column":12},"end":{"line":7,"column":13}},{"start":{"line":5,"column":12},"end":{"line":7,"column":13}}],"line":5}},"s":{"0":575,"1":575,"2":3157,"3":3157,"4":25700,"5":25700,"6":554,"7":21},"f":{"0":575},"b":{"0":[554,25146]},"_coverageSchema":"1a1c01bbd47fc00a2c39e90264f33305004495a9","hash":"d71246cbe9eddb884c53b7081ac3a374bc27658d"}
,"/Users/michaelwalker/WebstormProjects/sudoku/src/nestedClone.ts": {"path":"/Users/michaelwalker/WebstormProjects/sudoku/src/nestedClone.ts","statementMap":{"0":{"start":{"line":2,"column":4},"end":{"line":2,"column":37}},"1":{"start":{"line":2,"column":23},"end":{"line":2,"column":35}},"2":{"start":{"line":2,"column":33},"end":{"line":2,"column":34}}},"fnMap":{"0":{"name":"nestedClone","decl":{"start":{"line":1,"column":24},"end":{"line":1,"column":35}},"loc":{"start":{"line":1,"column":61},"end":{"line":3,"column":1}},"line":1},"1":{"name":"(anonymous_1)","decl":{"start":{"line":2,"column":19},"end":{"line":2,"column":20}},"loc":{"start":{"line":2,"column":23},"end":{"line":2,"column":35}},"line":2},"2":{"name":"(anonymous_2)","decl":{"start":{"line":2,"column":30},"end":{"line":2,"column":31}},"loc":{"start":{"line":2,"column":33},"end":{"line":2,"column":34}},"line":2}},"branchMap":{},"s":{"0":5,"1":29,"2":251},"f":{"0":5,"1":29,"2":251},"b":{},"_coverageSchema":"1a1c01bbd47fc00a2c39e90264f33305004495a9","hash":"f7002a963e36e109d1bdad2e41f389b3d1ccf621"}
,"/Users/michaelwalker/WebstormProjects/sudoku/src/normalize.ts": {"path":"/Users/michaelwalker/WebstormProjects/sudoku/src/normalize.ts","statementMap":{"0":{"start":{"line":4,"column":4},"end":{"line":6,"column":18}},"1":{"start":{"line":7,"column":4},"end":{"line":7,"column":16}},"2":{"start":{"line":8,"column":4},"end":{"line":8,"column":19}}},"fnMap":{"0":{"name":"normalize","decl":{"start":{"line":1,"column":24},"end":{"line":1,"column":33}},"loc":{"start":{"line":1,"column":43},"end":{"line":9,"column":1}},"line":1}},"branchMap":{"0":{"loc":{"start":{"line":4,"column":4},"end":{"line":6,"column":17}},"type":"cond-expr","locations":[{"start":{"line":4,"column":13},"end":{"line":4,"column":18}},{"start":{"line":5,"column":8},"end":{"line":6,"column":17}}],"line":4},"1":{"loc":{"start":{"line":5,"column":8},"end":{"line":6,"column":17}},"type":"cond-expr","locations":[{"start":{"line":5,"column":25},"end":{"line":5,"column":30}},{"start":{"line":6,"column":12},"end":{"line":6,"column":17}}],"line":5},"2":{"loc":{"start":{"line":5,"column":8},"end":{"line":5,"column":22}},"type":"binary-expr","locations":[{"start":{"line":5,"column":8},"end":{"line":5,"column":13}},{"start":{"line":5,"column":17},"end":{"line":5,"column":22}}],"line":5}},"s":{"0":1079,"1":1079,"2":1079},"f":{"0":1079},"b":{"0":[392,687],"1":[351,336],"2":[687,687]},"_coverageSchema":"1a1c01bbd47fc00a2c39e90264f33305004495a9","hash":"324cbbf4920ca7b5e529bc581945f5ac131afdc3"}
,"/Users/michaelwalker/WebstormProjects/sudoku/src/parseString.ts": {"path":"/Users/michaelwalker/WebstormProjects/sudoku/src/parseString.ts","statementMap":{"0":{"start":{"line":4,"column":4},"end":{"line":10,"column":5}},"1":{"start":{"line":5,"column":8},"end":{"line":5,"column":18}},"2":{"start":{"line":6,"column":10},"end":{"line":10,"column":5}},"3":{"start":{"line":7,"column":8},"end":{"line":7,"column":27}},"4":{"start":{"line":9,"column":8},"end":{"line":9,"column":86}},"5":{"start":{"line":15,"column":4},"end":{"line":15,"column":113}},"6":{"start":{"line":15,"column":34},"end":{"line":15,"column":113}},"7":{"start":{"line":16,"column":17},"end":{"line":26,"column":28}},"8":{"start":{"line":27,"column":17},"end":{"line":27,"column":46}},"9":{"start":{"line":28,"column":19},"end":{"line":28,"column":20}},"10":{"start":{"line":29,"column":4},"end":{"line":34,"column":5}},"11":{"start":{"line":29,"column":17},"end":{"line":29,"column":18}},"12":{"start":{"line":30,"column":8},"end":{"line":32,"column":9}},"13":{"start":{"line":30,"column":21},"end":{"line":30,"column":22}},"14":{"start":{"line":31,"column":12},"end":{"line":31,"column":57}},"15":{"start":{"line":33,"column":8},"end":{"line":33,"column":19}},"16":{"start":{"line":35,"column":4},"end":{"line":35,"column":18}}},"fnMap":{"0":{"name":"cellHash","decl":{"start":{"line":3,"column":16},"end":{"line":3,"column":24}},"loc":{"start":{"line":3,"column":45},"end":{"line":11,"column":1}},"line":3},"1":{"name":"parseString","decl":{"start":{"line":14,"column":24},"end":{"line":14,"column":35}},"loc":{"start":{"line":14,"column":56},"end":{"line":36,"column":1}},"line":14}},"branchMap":{"0":{"loc":{"start":{"line":4,"column":4},"end":{"line":10,"column":5}},"type":"if","locations":[{"start":{"line":4,"column":4},"end":{"line":10,"column":5}},{"start":{"line":4,"column":4},"end":{"line":10,"column":5}}],"line":4},"1":{"loc":{"start":{"line":6,"column":10},"end":{"line":10,"column":5}},"type":"if","locations":[{"start":{"line":6,"column":10},"end":{"line":10,"column":5}},{"start":{"line":6,"column":10},"end":{"line":10,"column":5}}],"line":6},"2":{"loc":{"start":{"line":15,"column":4},"end":{"line":15,"column":113}},"type":"if","locations":[{"start":{"line":15,"column":4},"end":{"line":15,"column":113}},{"start":{"line":15,"column":4},"end":{"line":15,"column":113}}],"line":15}},"s":{"0":652,"1":359,"2":293,"3":291,"4":2,"5":10,"6":2,"7":8,"8":8,"9":8,"10":8,"11":8,"12":72,"13":72,"14":648,"15":72,"16":8},"f":{"0":652,"1":10},"b":{"0":[359,293],"1":[291,2],"2":[2,8]},"_coverageSchema":"1a1c01bbd47fc00a2c39e90264f33305004495a9","hash":"48e8aaae1f7b237ab3c7d77ec8afa12497827075"}
,"/Users/michaelwalker/WebstormProjects/sudoku/src/puzzles.ts": {"path":"/Users/michaelwalker/WebstormProjects/sudoku/src/puzzles.ts","statementMap":{"0":{"start":{"line":8,"column":17},"end":{"line":13,"column":1}}},"fnMap":{},"branchMap":{},"s":{"0":2},"f":{},"b":{},"_coverageSchema":"1a1c01bbd47fc00a2c39e90264f33305004495a9","hash":"73bfdd9e09c059b1e6d5958528a08d23b8a7995a"}
,"/Users/michaelwalker/WebstormProjects/sudoku/src/solveCell.ts": {"path":"/Users/michaelwalker/WebstormProjects/sudoku/src/solveCell.ts","statementMap":{"0":{"start":{"line":7,"column":18},"end":{"line":7,"column":104}},"1":{"start":{"line":7,"column":33},"end":{"line":7,"column":104}},"2":{"start":{"line":7,"column":57},"end":{"line":7,"column":103}},"3":{"start":{"line":7,"column":79},"end":{"line":7,"column":102}},"4":{"start":{"line":11,"column":16},"end":{"line":11,"column":37}},"5":{"start":{"line":12,"column":4},"end":{"line":22,"column":5}},"6":{"start":{"line":13,"column":22},"end":{"line":13,"column":27}},"7":{"start":{"line":14,"column":23},"end":{"line":14,"column":51}},"8":{"start":{"line":15,"column":8},"end":{"line":15,"column":49}},"9":{"start":{"line":15,"column":32},"end":{"line":15,"column":48}},"10":{"start":{"line":16,"column":8},"end":{"line":16,"column":57}},"11":{"start":{"line":16,"column":32},"end":{"line":16,"column":56}},"12":{"start":{"line":18,"column":8},"end":{"line":20,"column":9}},"13":{"start":{"line":19,"column":12},"end":{"line":19,"column":29}},"14":{"start":{"line":21,"column":8},"end":{"line":21,"column":32}},"15":{"start":{"line":23,"column":4},"end":{"line":23,"column":18}}},"fnMap":{"0":{"name":"(anonymous_0)","decl":{"start":{"line":7,"column":18},"end":{"line":7,"column":19}},"loc":{"start":{"line":7,"column":33},"end":{"line":7,"column":104}},"line":7},"1":{"name":"(anonymous_1)","decl":{"start":{"line":7,"column":44},"end":{"line":7,"column":45}},"loc":{"start":{"line":7,"column":57},"end":{"line":7,"column":103}},"line":7},"2":{"name":"(anonymous_2)","decl":{"start":{"line":7,"column":65},"end":{"line":7,"column":66}},"loc":{"start":{"line":7,"column":79},"end":{"line":7,"column":102}},"line":7},"3":{"name":"solveCell","decl":{"start":{"line":10,"column":24},"end":{"line":10,"column":33}},"loc":{"start":{"line":10,"column":45},"end":{"line":24,"column":1}},"line":10}},"branchMap":{"0":{"loc":{"start":{"line":7,"column":79},"end":{"line":7,"column":102}},"type":"cond-expr","locations":[{"start":{"line":7,"column":92},"end":{"line":7,"column":95}},{"start":{"line":7,"column":98},"end":{"line":7,"column":102}}],"line":7},"1":{"loc":{"start":{"line":12,"column":4},"end":{"line":22,"column":5}},"type":"if","locations":[{"start":{"line":12,"column":4},"end":{"line":22,"column":5}},{"start":{"line":12,"column":4},"end":{"line":22,"column":5}}],"line":12},"2":{"loc":{"start":{"line":15,"column":8},"end":{"line":15,"column":49}},"type":"if","locations":[{"start":{"line":15,"column":8},"end":{"line":15,"column":49}},{"start":{"line":15,"column":8},"end":{"line":15,"column":49}}],"line":15},"3":{"loc":{"start":{"line":16,"column":8},"end":{"line":16,"column":57}},"type":"if","locations":[{"start":{"line":16,"column":8},"end":{"line":16,"column":57}},{"start":{"line":16,"column":8},"end":{"line":16,"column":57}}],"line":16},"4":{"loc":{"start":{"line":18,"column":8},"end":{"line":20,"column":9}},"type":"if","locations":[{"start":{"line":18,"column":8},"end":{"line":20,"column":9}},{"start":{"line":18,"column":8},"end":{"line":20,"column":9}}],"line":18}},"s":{"0":1,"1":33,"2":297,"3":2673,"4":552,"5":552,"6":534,"7":534,"8":534,"9":396,"10":534,"11":138,"12":18,"13":3,"14":15,"15":534},"f":{"0":33,"1":297,"2":2673,"3":552},"b":{"0":[792,1881],"1":[534,18],"2":[396,138],"3":[138,396],"4":[3,15]},"_coverageSchema":"1a1c01bbd47fc00a2c39e90264f33305004495a9","hash":"adc83058577cb6dedd4dcbd296dad90033de12ad"}
,"/Users/michaelwalker/WebstormProjects/sudoku/src/solvePuzzle.ts": {"path":"/Users/michaelwalker/WebstormProjects/sudoku/src/solvePuzzle.ts","statementMap":{"0":{"start":{"line":10,"column":23},"end":{"line":10,"column":101}},"1":{"start":{"line":11,"column":15},"end":{"line":11,"column":40}},"2":{"start":{"line":12,"column":17},"end":{"line":12,"column":21}},"3":{"start":{"line":13,"column":12},"end":{"line":13,"column":13}},"4":{"start":{"line":14,"column":4},"end":{"line":23,"column":5}},"5":{"start":{"line":15,"column":22},"end":{"line":15,"column":37}},"6":{"start":{"line":16,"column":8},"end":{"line":22,"column":9}},"7":{"start":{"line":17,"column":8},"end":{"line":17,"column":22}},"8":{"start":{"line":18,"column":8},"end":{"line":18,"column":11}},"9":{"start":{"line":20,"column":12},"end":{"line":20,"column":27}},"10":{"start":{"line":21,"column":12},"end":{"line":21,"column":27}},"11":{"start":{"line":24,"column":4},"end":{"line":24,"column":16}}},"fnMap":{"0":{"name":"solvePuzzle","decl":{"start":{"line":9,"column":24},"end":{"line":9,"column":35}},"loc":{"start":{"line":9,"column":48},"end":{"line":25,"column":1}},"line":9}},"branchMap":{"0":{"loc":{"start":{"line":10,"column":23},"end":{"line":10,"column":101}},"type":"cond-expr","locations":[{"start":{"line":10,"column":52},"end":{"line":10,"column":92}},{"start":{"line":10,"column":95},"end":{"line":10,"column":101}}],"line":10},"1":{"loc":{"start":{"line":16,"column":8},"end":{"line":22,"column":9}},"type":"if","locations":[{"start":{"line":16,"column":8},"end":{"line":22,"column":9}},{"start":{"line":16,"column":8},"end":{"line":22,"column":9}}],"line":16}},"s":{"0":3,"1":3,"2":3,"3":3,"4":3,"5":552,"6":552,"7":549,"8":549,"9":3,"10":3,"11":3},"f":{"0":3},"b":{"0":[2,1],"1":[549,3]},"_coverageSchema":"1a1c01bbd47fc00a2c39e90264f33305004495a9","hash":"0828c9cb50488169dc31fc709638127a50456750"}
}
