TN:
SF:src/filterPossible.ts
FN:4,filterPossible
FN:10,(anonymous_1)
FN:12,(anonymous_2)
FN:16,(anonymous_3)
FN:18,(anonymous_4)
FN:25,(anonymous_5)
FNF:6
FNH:6
FNDA:535,filterPossible
FNDA:4815,(anonymous_1)
FNDA:17501,(anonymous_2)
FNDA:4815,(anonymous_3)
FNDA:4225,(anonymous_4)
FNDA:468,(anonymous_5)
DA:5,535
DA:6,535
DA:7,535
DA:8,535
DA:10,535
DA:11,4815
DA:12,17501
DA:16,535
DA:17,4815
DA:18,4225
DA:22,535
DA:23,1605
DA:24,4815
DA:25,468
DA:29,535
LF:15
LH:15
BRDA:11,0,0,2519
BRDA:11,0,1,2296
BRDA:17,1,0,1040
BRDA:17,1,1,3775
BRDA:24,2,0,153
BRDA:24,2,1,4662
BRF:6
BRH:6
end_of_record
TN:
SF:src/findNextEmpty.ts
FN:1,findNextEmpty
FNF:1
FNH:1
FNDA:575,findNextEmpty
DA:2,575
DA:3,3157
DA:4,25700
DA:5,25700
DA:6,554
DA:10,21
LF:6
LH:6
BRDA:5,0,0,554
BRDA:5,0,1,25146
BRF:2
BRH:2
end_of_record
TN:
SF:src/nestedClone.ts
FN:1,nestedClone
FN:2,(anonymous_1)
FN:2,(anonymous_2)
FNF:3
FNH:3
FNDA:5,nestedClone
FNDA:29,(anonymous_1)
FNDA:251,(anonymous_2)
DA:2,251
LF:1
LH:1
BRF:0
BRH:0
end_of_record
TN:
SF:src/normalize.ts
FN:1,normalize
FNF:1
FNH:1
FNDA:1079,normalize
DA:4,1079
DA:7,1079
DA:8,1079
LF:3
LH:3
BRDA:4,0,0,392
BRDA:4,0,1,687
BRDA:5,1,0,351
BRDA:5,1,1,336
BRDA:5,2,0,687
BRDA:5,2,1,687
BRF:6
BRH:6
end_of_record
TN:
SF:src/parseString.ts
FN:3,cellHash
FN:14,parseString
FNF:2
FNH:2
FNDA:652,cellHash
FNDA:10,parseString
DA:4,652
DA:5,359
DA:6,293
DA:7,291
DA:9,2
DA:15,10
DA:16,8
DA:27,8
DA:28,8
DA:29,8
DA:30,72
DA:31,648
DA:33,72
DA:35,8
LF:14
LH:14
BRDA:4,0,0,359
BRDA:4,0,1,293
BRDA:6,1,0,291
BRDA:6,1,1,2
BRDA:15,2,0,2
BRDA:15,2,1,8
BRF:6
BRH:6
end_of_record
TN:
SF:src/puzzles.ts
FNF:0
FNH:0
DA:8,2
LF:1
LH:1
BRF:0
BRH:0
end_of_record
TN:
SF:src/solveCell.ts
FN:7,(anonymous_0)
FN:7,(anonymous_1)
FN:7,(anonymous_2)
FN:10,solveCell
FNF:4
FNH:4
FNDA:33,(anonymous_0)
FNDA:297,(anonymous_1)
FNDA:2673,(anonymous_2)
FNDA:552,solveCell
DA:7,2673
DA:11,552
DA:12,552
DA:13,534
DA:14,534
DA:15,534
DA:16,534
DA:18,18
DA:19,3
DA:21,15
DA:23,534
LF:11
LH:11
BRDA:7,0,0,792
BRDA:7,0,1,1881
BRDA:12,1,0,534
BRDA:12,1,1,18
BRDA:15,2,0,396
BRDA:15,2,1,138
BRDA:16,3,0,138
BRDA:16,3,1,396
BRDA:18,4,0,3
BRDA:18,4,1,15
BRF:10
BRH:10
end_of_record
TN:
SF:src/solvePuzzle.ts
FN:9,solvePuzzle
FNF:1
FNH:1
FNDA:3,solvePuzzle
DA:10,3
DA:11,3
DA:12,3
DA:13,3
DA:14,3
DA:15,552
DA:16,552
DA:17,549
DA:18,549
DA:20,3
DA:21,3
DA:24,3
LF:12
LH:12
BRDA:10,0,0,2
BRDA:10,0,1,1
BRDA:16,1,0,549
BRDA:16,1,1,3
BRF:4
BRH:4
end_of_record
