TN:
SF:src\findNextEmpty.ts
FN:1,findNextEmpty
FNF:1
FNH:1
FNDA:4,findNextEmpty
DA:2,4
DA:3,6
DA:4,26
DA:5,26
DA:6,4
LF:5
LH:5
BRDA:5,0,0,4
BRDA:5,0,1,22
BRF:2
BRH:2
end_of_record
TN:
SF:src\parseString.ts
FN:3,cellHash
FN:14,parseString
FNF:2
FNH:2
FNDA:328,cellHash
FNDA:6,parseString
DA:4,328
DA:5,226
DA:6,102
DA:7,100
DA:9,2
DA:15,6
DA:16,4
DA:27,4
DA:28,4
DA:29,4
DA:30,36
DA:31,324
DA:33,36
DA:35,4
LF:14
LH:14
BRDA:4,0,0,226
BRDA:4,0,1,102
BRDA:6,1,0,100
BRDA:6,1,1,2
BRDA:15,2,0,2
BRDA:15,2,1,4
BRF:6
BRH:6
end_of_record
